c:\users\administrator\desktop\code_pro\c_code\project1\debug\vc142.pdb
c:\users\administrator\desktop\code_pro\c_code\project1\debug\vc142.idb
c:\users\administrator\desktop\code_pro\c_code\project1\debug\test_include.obj
c:\users\administrator\desktop\code_pro\c_code\project1\debug\helloc.obj
c:\users\administrator\desktop\code_pro\c_code\project1\debug\1.obj
c:\users\administrator\desktop\code_pro\c_code\project1\debug\hello.obj
c:\users\administrator\desktop\code_pro\c_code\project1\debug\project1.ilk
c:\users\administrator\desktop\code_pro\c_code\project1\debug\project1.exe
c:\users\administrator\desktop\code_pro\c_code\project1\debug\project1.pdb
c:\users\administrator\desktop\code_pro\c_code\project1\debug\project1.tlog\cl.command.1.tlog
c:\users\administrator\desktop\code_pro\c_code\project1\debug\project1.tlog\cl.read.1.tlog
c:\users\administrator\desktop\code_pro\c_code\project1\debug\project1.tlog\cl.write.1.tlog
c:\users\administrator\desktop\code_pro\c_code\project1\debug\project1.tlog\link-cvtres.read.1.tlog
c:\users\administrator\desktop\code_pro\c_code\project1\debug\project1.tlog\link-cvtres.write.1.tlog
c:\users\administrator\desktop\code_pro\c_code\project1\debug\project1.tlog\link-rc.read.1.tlog
c:\users\administrator\desktop\code_pro\c_code\project1\debug\project1.tlog\link-rc.write.1.tlog
c:\users\administrator\desktop\code_pro\c_code\project1\debug\project1.tlog\link.17628-cvtres.read.1.tlog
c:\users\administrator\desktop\code_pro\c_code\project1\debug\project1.tlog\link.17628-cvtres.write.1.tlog
c:\users\administrator\desktop\code_pro\c_code\project1\debug\project1.tlog\link.17628-rc.read.1.tlog
c:\users\administrator\desktop\code_pro\c_code\project1\debug\project1.tlog\link.17628-rc.write.1.tlog
c:\users\administrator\desktop\code_pro\c_code\project1\debug\project1.tlog\link.17628.read.1.tlog
c:\users\administrator\desktop\code_pro\c_code\project1\debug\project1.tlog\link.17628.write.1.tlog
c:\users\administrator\desktop\code_pro\c_code\project1\debug\project1.tlog\link.command.1.tlog
c:\users\administrator\desktop\code_pro\c_code\project1\debug\project1.tlog\link.read.1.tlog
c:\users\administrator\desktop\code_pro\c_code\project1\debug\project1.tlog\link.write.1.tlog
